<?xml version="1.0" encoding="UTF-8"?>
<!-- Generated by org.testng.reporters.JUnitReportReporter -->
<testsuite skipped="0" hostname="QTLSYS0-238" name="tests.QCPayment" tests="1" failures="0" timestamp="29 Oct 2019 06:24:30 GMT" time="50.031" errors="0">
  <testcase name="QC_Installmentpayment_Txn" time="50.031" classname="tests.QCPayment"/>
</testsuite> <!-- tests.QCPayment -->
