<?xml version="1.0" encoding="UTF-8"?>
<!-- Generated by org.testng.reporters.JUnitReportReporter -->
<testsuite skipped="0" hostname="QTLSYS2-238" name="tests.QCReturnCheck" tests="1" failures="0" timestamp="12 Nov 2018 06:22:34 GMT" time="25.526" errors="0">
  <testcase name="QC_Epp_PrePayment_Return_Txn" time="25.526" classname="tests.QCReturnCheck"/>
</testsuite> <!-- tests.QCReturnCheck -->
