<?xml version="1.0" encoding="UTF-8"?>
<!-- Generated by org.testng.reporters.JUnitReportReporter -->
<testsuite skipped="0" hostname="QTLSYS0-238" name="tests.QCCSRNewLoan" tests="1" failures="0" timestamp="02 Dec 2019 09:55:18 GMT" time="46.300" errors="0">
  <testcase name="QC_NewLoan_Void_Txn" time="46.300" classname="tests.QCCSRNewLoan"/>
</testsuite> <!-- tests.QCCSRNewLoan -->
