<?xml version="1.0" encoding="UTF-8"?>
<!-- Generated by org.testng.reporters.JUnitReportReporter -->
<testsuite skipped="0" hostname="QTLSYS2-238" name="tests.QCClearDropdown" tests="1" failures="0" timestamp="08 Nov 2018 13:18:00 GMT" time="49.615" errors="0">
  <testcase name="QC_Epp_Check_Deposit_Clear_Txn" time="49.615" classname="tests.QCClearDropdown"/>
</testsuite> <!-- tests.QCClearDropdown -->
