<?xml version="1.0" encoding="UTF-8"?>
<!-- Generated by org.testng.reporters.JUnitReportReporter -->
<testsuite skipped="0" hostname="QTLSYS2-238" name="tests.QCRefinance" tests="1" failures="0" timestamp="31 Oct 2018 05:10:52 GMT" time="512.974" errors="0">
  <testcase name="QC_Refinance_StepSameVoidURP_Txn" time="512.974" classname="tests.QCRefinance"/>
</testsuite> <!-- tests.QCRefinance -->
