<?xml version="1.0" encoding="UTF-8"?>
<!-- Generated by org.testng.reporters.JUnitReportReporter -->
<testsuite skipped="0" hostname="QTLSYS0-238" name="tests.JQCAdmin_Bankruptcy" tests="1" failures="0" timestamp="27 Nov 2019 06:06:51 GMT" time="60.932" errors="0">
  <testcase name="RQC_Bankruptcy_WORecovery_Txn_Testdata" time="60.932" classname="tests.JQCAdmin_Bankruptcy"/>
</testsuite> <!-- tests.JQCAdmin_Bankruptcy -->
