<?xml version="1.0" encoding="UTF-8"?>
<!-- Generated by org.testng.reporters.JUnitReportReporter -->
<testsuite skipped="0" hostname="QTLSYS2-238" name="tests.QCRedeposit" tests="1" failures="0" timestamp="12 Nov 2018 11:12:55 GMT" time="113.593" errors="0">
  <testcase name="QC_Epp_Return_ReDeposit_Txn" time="113.593" classname="tests.QCRedeposit"/>
</testsuite> <!-- tests.QCRedeposit -->
