<?xml version="1.0" encoding="UTF-8"?>
<!-- Generated by org.testng.reporters.JUnitReportReporter -->
<testsuite skipped="0" hostname="QTLSYS2-238" name="tests.QCDepositDropdown" tests="1" failures="0" timestamp="14 Nov 2018 07:13:09 GMT" time="278.130" errors="0">
  <testcase name="QC_Void_FullReturnPayment_Txn" time="278.130" classname="tests.QCDepositDropdown"/>
</testsuite> <!-- tests.QCDepositDropdown -->
