<?xml version="1.0" encoding="UTF-8"?>
<!-- Generated by org.testng.reporters.JUnitReportReporter -->
<testsuite skipped="0" hostname="QTLSYS2-238" name="tests.LendNationCSR" tests="1" failures="0" timestamp="29 Oct 2018 08:58:50 GMT" time="1.489" errors="0">
  <testcase name="LendNation" time="1.489" classname="tests.LendNationCSR"/>
</testsuite> <!-- tests.LendNationCSR -->
