<?xml version="1.0" encoding="UTF-8"?>
<!-- Generated by org.testng.reporters.JUnitReportReporter -->
<testsuite skipped="0" hostname="QTLSYS2-238" name="tests.QCBorrowerRegistration" tests="1" failures="0" timestamp="10 Oct 2018 10:39:46 GMT" time="192.640" errors="0">
  <testcase name="qcStore" time="192.640" classname="tests.QCBorrowerRegistration"/>
</testsuite> <!-- tests.QCBorrowerRegistration -->
