<?xml version="1.0" encoding="UTF-8"?>
<!-- Generated by org.testng.reporters.JUnitReportReporter -->
<testsuite skipped="0" hostname="QTLSYS2-238" name="tests.QCAgeStoreDueDate" tests="1" failures="0" timestamp="12 Nov 2018 08:58:46 GMT" time="309.284" errors="0">
  <testcase name="QC_Epp_Return_NSFPayment_Txn" time="309.284" classname="tests.QCAgeStoreDueDate"/>
</testsuite> <!-- tests.QCAgeStoreDueDate -->
