<?xml version="1.0" encoding="UTF-8"?>
<!-- Generated by org.testng.reporters.JUnitReportReporter -->
<testsuite skipped="0" hostname="QTLSYS2-238" name="tests.QCAgeStore" tests="5" failures="0" timestamp="15 Oct 2018 09:49:48 GMT" time="2052.480" errors="0">
  <testcase name="QC_BorrowerRegistration_NewLoan_Promotion_Txn" time="235.624" classname="tests.QCAgeStore"/>
  <testcase name="QC_OpenLoan_NewLoan_Txn" time="203.030" classname="tests.QCAgeStore"/>
  <testcase name="QC_NewLoan_Void_Txn" time="200.442" classname="tests.QCAgeStore"/>
  <testcase name="QC_AgeStore_Void_Txn" time="993.334" classname="tests.QCAgeStore"/>
  <testcase name="QC_AgeStore_Deposit_Menu_Txn" time="420.050" classname="tests.QCAgeStore"/>
</testsuite> <!-- tests.QCAgeStore -->
