<?xml version="1.0" encoding="UTF-8"?>
<!-- Generated by org.testng.reporters.JUnitReportReporter -->
<testsuite skipped="0" hostname="QTLSYS2-238" name="tests.QCCSRLoginLogout" tests="1" failures="0" timestamp="22 Oct 2018 09:27:38 GMT" time="22.112" errors="0">
  <testcase name="QC_AgeStore_DueDate_Deposit_EOD_Txn" time="22.112" classname="tests.QCCSRLoginLogout"/>
</testsuite> <!-- tests.QCCSRLoginLogout -->
