<?xml version="1.0" encoding="UTF-8"?>
<!-- Generated by org.testng.reporters.JUnitReportReporter -->
<testsuite skipped="0" hostname="QTLSYS2-238" name="tests.QCAdminEncryption" tests="1" failures="0" timestamp="18 Oct 2018 11:45:19 GMT" time="520.842" errors="0">
  <testcase name="QC_AgeStore_DueDate_Deposit_EOD_Txn" time="520.842" classname="tests.QCAdminEncryption"/>
</testsuite> <!-- tests.QCAdminEncryption -->
