<?xml version="1.0" encoding="UTF-8"?>
<!-- Generated by org.testng.reporters.JUnitReportReporter -->
<testsuite skipped="0" hostname="QTLSYS2-238" name="tests.QCSafeAssign" tests="1" failures="0" timestamp="22 Oct 2018 07:34:50 GMT" time="554.622" errors="0">
  <testcase name="QC_AgeStore_DueDate_Deposit_EOD_Txn" time="554.622" classname="tests.QCSafeAssign"/>
</testsuite> <!-- tests.QCSafeAssign -->
