<?xml version="1.0" encoding="UTF-8"?>
<!-- Generated by org.testng.reporters.JUnitReportReporter -->
<testsuite skipped="0" hostname="QTLSYS2-238" name="tests.Drawer" tests="1" failures="0" timestamp="17 Oct 2018 11:17:44 GMT" time="153.464" errors="0">
  <testcase name="QC_AgeStore_DueDate_Deposit_EOD_Txn" time="153.464" classname="tests.Drawer"/>
</testsuite> <!-- tests.Drawer -->
