<?xml version="1.0" encoding="UTF-8"?>
<!-- Generated by org.testng.reporters.JUnitReportReporter -->
<testsuite skipped="0" hostname="QTLSYS2-238" name="tests.QCAgeStoreGraceDays" tests="1" failures="0" timestamp="24 Oct 2018 06:36:00 GMT" time="936.885" errors="0">
  <testcase name="QC_GraceDays_EODDeposit_Txn" time="936.885" classname="tests.QCAgeStoreGraceDays"/>
</testsuite> <!-- tests.QCAgeStoreGraceDays -->
