<?xml version="1.0" encoding="UTF-8"?>
<!-- Generated by org.testng.reporters.JUnitReportReporter -->
<testsuite skipped="0" hostname="QTLSYS2-238" name="tests.QCVoid" tests="1" failures="0" timestamp="09 Nov 2018 11:30:59 GMT" time="62.150" errors="0">
  <testcase name="QC_Epp_Deposit_Void_Txn" time="62.150" classname="tests.QCVoid"/>
</testsuite> <!-- tests.QCVoid -->
