<?xml version="1.0" encoding="UTF-8"?>
<!-- Generated by org.testng.reporters.JUnitReportReporter -->
<testsuite skipped="0" hostname="QTLSYS2-238" name="tests.LendNationRegistration" tests="1" failures="0" timestamp="30 Oct 2018 11:39:25 GMT" time="537.872" errors="0">
  <testcase name="LendNation" time="537.872" classname="tests.LendNationRegistration"/>
</testsuite> <!-- tests.LendNationRegistration -->
