<?xml version="1.0" encoding="UTF-8"?>
<!-- Generated by org.testng.reporters.JUnitReportReporter -->
<testsuite skipped="0" hostname="QTLSYS0-238" name="tests.RQCCSRBankruptcy" tests="1" failures="0" timestamp="27 Nov 2019 05:54:20 GMT" time="37.689" errors="0">
  <testcase name="RQC_Bankruptcy_WORecovery_Txn_Testdata" time="37.689" classname="tests.RQCCSRBankruptcy"/>
</testsuite> <!-- tests.RQCCSRBankruptcy -->
