<?xml version="1.0" encoding="UTF-8"?>
<!-- Generated by org.testng.reporters.JUnitReportReporter -->
<testsuite skipped="0" hostname="QTLSYS2-238" name="tests.LendNation" tests="1" failures="0" timestamp="01 Nov 2018 10:55:43 GMT" time="510.609" errors="0">
  <testcase name="LendNation" time="510.609" classname="tests.LendNation"/>
</testsuite> <!-- tests.LendNation -->
