<?xml version="1.0" encoding="UTF-8"?>
<!-- Generated by org.testng.reporters.JUnitReportReporter -->
<testsuite skipped="0" hostname="QTLSYS2-238" name="tests.QCRefinanceprocess" tests="1" failures="0" timestamp="11 Dec 2018 13:22:57 GMT" time="131.374" errors="0">
  <testcase name="QC_InstallPayment_Ref_Rescind_Txn" time="131.374" classname="tests.QCRefinanceprocess"/>
</testsuite> <!-- tests.QCRefinanceprocess -->
