<?xml version="1.0" encoding="UTF-8"?>
<!-- Generated by org.testng.reporters.JUnitReportReporter -->
<testsuite skipped="0" hostname="QTLSYS2-238" name="tests.QCDeposit" tests="1" failures="0" timestamp="12 Oct 2018 09:58:42 GMT" time="48.214" errors="0">
  <testcase name="QC_AgeStore_Deposit_Menu_Txn" time="48.214" classname="tests.QCDeposit"/>
</testsuite> <!-- tests.QCDeposit -->
