<?xml version="1.0" encoding="UTF-8"?>
<!-- Generated by org.testng.reporters.JUnitReportReporter -->
<testsuite skipped="0" hostname="QTLSYS2-238" name="tests.QCEncryptionKey" tests="1" failures="0" timestamp="11 Oct 2018 09:31:09 GMT" time="49.567" errors="0">
  <testcase name="QC_AgeStore_Void_Txn" time="49.567" classname="tests.QCEncryptionKey"/>
</testsuite> <!-- tests.QCEncryptionKey -->
