<?xml version="1.0" encoding="UTF-8"?>
<!-- Generated by org.testng.reporters.JUnitReportReporter -->
<testsuite skipped="0" hostname="QTLSYS2-238" name="tests.QCAdminStoreSetup" tests="1" failures="0" timestamp="18 Oct 2018 09:46:25 GMT" time="21.806" errors="0">
  <testcase name="QC_AgeStore_DueDate_Deposit_EOD_Txn" time="21.806" classname="tests.QCAdminStoreSetup"/>
</testsuite> <!-- tests.QCAdminStoreSetup -->
