<?xml version="1.0" encoding="UTF-8"?>
<!-- Generated by org.testng.reporters.JUnitReportReporter -->
<testsuite skipped="0" hostname="QTLSYS2-238" name="tests.QCClearMenu" tests="16" failures="0" timestamp="11 Dec 2018 13:16:15 GMT" time="6290.579" errors="1">
  <testcase name="QC_AgeStore_Void_Txn" time="311.651" classname="tests.QCClearMenu"/>
  <testcase name="QC_NewLoan_Promotion_Txn" time="122.262" classname="tests.QCClearMenu"/>
  <testcase name="QC_NewLoan_Void_Txn" time="185.853" classname="tests.QCClearMenu"/>
  <testcase name="QC_ILP_Buyback_Txn" time="326.437" classname="tests.QCClearMenu"/>
  <testcase name="QC_ILP_Buyback_Void_Txn" time="326.054" classname="tests.QCClearMenu"/>
  <testcase name="QC_Installmentpayment_Txn" time="223.709" classname="tests.QCClearMenu"/>
  <testcase name="QC_Installmentpayment_Void_Txn" time="355.302" classname="tests.QCClearMenu"/>
  <testcase name="QC_PayAnyotherAmount_Txn" time="354.715" classname="tests.QCClearMenu"/>
  <testcase name="QC_PayAnyotherAmount_Void_Txn" time="428.099" classname="tests.QCClearMenu"/>
  <testcase name="QC_ILP_Return_Menu_Txn" time="587.225" classname="tests.QCClearMenu"/>
  <testcase name="QC_ILP_clear_Menu_Txn" time="581.987" classname="tests.QCClearMenu"/>
  <testcase name="QC_ILP_Deposit_Return_Txn" time="309.291" classname="tests.QCClearMenu"/>
  <testcase name="QC_ILP_NewLoanInstallmentDeposit_Txn" time="897.062" classname="tests.QCClearMenu"/>
  <testcase name="QC_InstallPayment_Ref_Rescind_Txn" time="450.730" classname="tests.QCClearMenu">
    <error type="junit.framework.AssertionFailedError">
      <![CDATA[junit.framework.AssertionFailedError
at junit.framework.Assert.fail(Assert.java:47)
at junit.framework.Assert.assertTrue(Assert.java:20)
at junit.framework.Assert.assertTrue(Assert.java:27)
at tests.QCRescind.Rescind(QCRescind.java:144)
at tests.QCStore.QC_InstallPayment_Ref_Rescind_Txn(QCStore.java:761)
at sun.reflect.NativeMethodAccessorImpl.invoke0(Native Method)
at sun.reflect.NativeMethodAccessorImpl.invoke(NativeMethodAccessorImpl.java:62)
at sun.reflect.DelegatingMethodAccessorImpl.invoke(DelegatingMethodAccessorImpl.java:43)
at java.lang.reflect.Method.invoke(Method.java:498)
at org.testng.internal.MethodInvocationHelper.invokeMethod(MethodInvocationHelper.java:124)
at org.testng.internal.Invoker.invokeMethod(Invoker.java:583)
at org.testng.internal.Invoker.invokeTestMethod(Invoker.java:719)
at org.testng.internal.Invoker.invokeTestMethods(Invoker.java:989)
at org.testng.internal.TestMethodWorker.invokeTestMethods(TestMethodWorker.java:125)
at org.testng.internal.TestMethodWorker.run(TestMethodWorker.java:109)
at org.testng.TestRunner.privateRun(TestRunner.java:648)
at org.testng.TestRunner.run(TestRunner.java:505)
at org.testng.SuiteRunner.runTest(SuiteRunner.java:455)
at org.testng.SuiteRunner.runSequentially(SuiteRunner.java:450)
at org.testng.SuiteRunner.privateRun(SuiteRunner.java:415)
at org.testng.SuiteRunner.run(SuiteRunner.java:364)
at org.testng.SuiteRunnerWorker.runSuite(SuiteRunnerWorker.java:52)
at org.testng.SuiteRunnerWorker.run(SuiteRunnerWorker.java:84)
at org.testng.TestNG.runSuitesSequentially(TestNG.java:1208)
at org.testng.TestNG.runSuitesLocally(TestNG.java:1137)
at org.testng.TestNG.runSuites(TestNG.java:1049)
at org.testng.TestNG.run(TestNG.java:1017)
at org.testng.remote.AbstractRemoteTestNG.run(AbstractRemoteTestNG.java:114)
at org.testng.remote.RemoteTestNG.initAndRun(RemoteTestNG.java:251)
at org.testng.remote.RemoteTestNG.main(RemoteTestNG.java:77)
]]>
    </error>
  </testcase> <!-- QC_InstallPayment_Ref_Rescind_Txn -->
  <testcase name="QC_LessInterest_VoidFullPayment_Txn" time="448.833" classname="tests.QCClearMenu"/>
  <testcase name="QC_NewLoan_TLPConversion_Txn" time="381.369" classname="tests.QCClearMenu"/>
</testsuite> <!-- tests.QCClearMenu -->
