<?xml version="1.0" encoding="UTF-8"?>
<!-- Generated by org.testng.reporters.JUnitReportReporter -->
<testsuite skipped="0" hostname="QTLSYS2-238" name="tests.QCEODDeposit" tests="1" failures="0" timestamp="23 Oct 2018 13:27:20 GMT" time="647.042" errors="0">
  <testcase name="QC_GraceDays_EODDeposit_Txn" time="647.042" classname="tests.QCEODDeposit"/>
</testsuite> <!-- tests.QCEODDeposit -->
